mode: set
github.com/venicegeo/pz-logger/logger/Client.go:37.59,43.16 4 0
github.com/venicegeo/pz-logger/logger/Client.go:47.2,54.16 3 0
github.com/venicegeo/pz-logger/logger/Client.go:58.2,58.21 1 0
github.com/venicegeo/pz-logger/logger/Client.go:43.16,45.3 1 0
github.com/venicegeo/pz-logger/logger/Client.go:54.16,56.3 1 0
github.com/venicegeo/pz-logger/logger/Client.go:61.113,67.29 3 0
github.com/venicegeo/pz-logger/logger/Client.go:74.2,77.16 3 0
github.com/venicegeo/pz-logger/logger/Client.go:81.2,83.16 3 0
github.com/venicegeo/pz-logger/logger/Client.go:87.2,87.38 1 0
github.com/venicegeo/pz-logger/logger/Client.go:91.2,93.16 3 0
github.com/venicegeo/pz-logger/logger/Client.go:97.2,97.19 1 0
github.com/venicegeo/pz-logger/logger/Client.go:67.29,68.36 1 0
github.com/venicegeo/pz-logger/logger/Client.go:68.36,71.4 1 0
github.com/venicegeo/pz-logger/logger/Client.go:77.16,79.3 1 0
github.com/venicegeo/pz-logger/logger/Client.go:83.16,85.3 1 0
github.com/venicegeo/pz-logger/logger/Client.go:87.38,89.3 1 0
github.com/venicegeo/pz-logger/logger/Client.go:93.16,95.3 1 0
github.com/venicegeo/pz-logger/logger/Client.go:100.65,103.16 2 0
github.com/venicegeo/pz-logger/logger/Client.go:107.2,109.16 3 0
github.com/venicegeo/pz-logger/logger/Client.go:113.2,115.16 3 0
github.com/venicegeo/pz-logger/logger/Client.go:119.2,119.19 1 0
github.com/venicegeo/pz-logger/logger/Client.go:103.16,105.3 1 0
github.com/venicegeo/pz-logger/logger/Client.go:109.16,111.3 1 0
github.com/venicegeo/pz-logger/logger/Client.go:115.16,117.3 1 0
github.com/venicegeo/pz-logger/logger/Client.go:124.51,127.16 2 0
github.com/venicegeo/pz-logger/logger/Client.go:131.2,132.16 2 0
github.com/venicegeo/pz-logger/logger/Client.go:136.2,137.16 2 0
github.com/venicegeo/pz-logger/logger/Client.go:141.2,141.38 1 0
github.com/venicegeo/pz-logger/logger/Client.go:145.2,145.12 1 0
github.com/venicegeo/pz-logger/logger/Client.go:127.16,129.3 1 0
github.com/venicegeo/pz-logger/logger/Client.go:132.16,134.3 1 0
github.com/venicegeo/pz-logger/logger/Client.go:137.16,139.3 1 0
github.com/venicegeo/pz-logger/logger/Client.go:141.38,143.3 1 0
github.com/venicegeo/pz-logger/logger/Client.go:154.42,162.2 4 0
github.com/venicegeo/pz-logger/logger/Client.go:164.75,167.2 2 0
github.com/venicegeo/pz-logger/logger/Client.go:169.87,172.2 2 0
github.com/venicegeo/pz-logger/logger/Client.go:175.69,177.2 1 0
github.com/venicegeo/pz-logger/logger/Client.go:180.68,182.2 1 0
github.com/venicegeo/pz-logger/logger/Client.go:185.68,187.2 1 0
github.com/venicegeo/pz-logger/logger/Client.go:190.69,192.2 1 0
github.com/venicegeo/pz-logger/logger/Client.go:195.69,197.2 1 0
github.com/venicegeo/pz-logger/logger/MockClientlient.go:33.63,41.2 4 1
github.com/venicegeo/pz-logger/logger/MockClientlient.go:43.122,48.14 4 1
github.com/venicegeo/pz-logger/logger/MockClientlient.go:52.2,52.19 1 1
github.com/venicegeo/pz-logger/logger/MockClientlient.go:55.2,56.16 2 1
github.com/venicegeo/pz-logger/logger/MockClientlient.go:48.14,51.3 2 0
github.com/venicegeo/pz-logger/logger/MockClientlient.go:52.19,54.3 1 1
github.com/venicegeo/pz-logger/logger/MockClientlient.go:59.74,61.2 1 1
github.com/venicegeo/pz-logger/logger/MockClientlient.go:63.59,67.2 3 1
github.com/venicegeo/pz-logger/logger/MockClientlient.go:69.145,73.2 3 1
github.com/venicegeo/pz-logger/logger/MockClientlient.go:75.79,78.2 2 0
github.com/venicegeo/pz-logger/logger/MockClientlient.go:80.91,83.2 2 0
github.com/venicegeo/pz-logger/logger/MockClientlient.go:86.73,88.2 1 0
github.com/venicegeo/pz-logger/logger/MockClientlient.go:91.72,93.2 1 0
github.com/venicegeo/pz-logger/logger/MockClientlient.go:96.72,98.2 1 0
github.com/venicegeo/pz-logger/logger/MockClientlient.go:101.73,103.2 1 0
github.com/venicegeo/pz-logger/logger/MockClientlient.go:106.73,108.2 1 0
github.com/venicegeo/pz-logger/logger/common.go:65.38,70.2 3 1
github.com/venicegeo/pz-logger/logger/common.go:92.39,93.17 1 0
github.com/venicegeo/pz-logger/logger/common.go:96.2,96.24 1 0
github.com/venicegeo/pz-logger/logger/common.go:99.2,99.24 1 0
github.com/venicegeo/pz-logger/logger/common.go:102.2,102.21 1 0
github.com/venicegeo/pz-logger/logger/common.go:105.2,105.25 1 0
github.com/venicegeo/pz-logger/logger/common.go:108.2,108.24 1 0
github.com/venicegeo/pz-logger/logger/common.go:112.2,112.12 1 0
github.com/venicegeo/pz-logger/logger/common.go:93.17,95.3 1 0
github.com/venicegeo/pz-logger/logger/common.go:96.24,98.3 1 0
github.com/venicegeo/pz-logger/logger/common.go:99.24,101.3 1 0
github.com/venicegeo/pz-logger/logger/common.go:102.21,104.3 1 0
github.com/venicegeo/pz-logger/logger/common.go:105.25,107.3 1 0
github.com/venicegeo/pz-logger/logger/common.go:108.24,110.3 1 0
github.com/venicegeo/pz-logger/logger/server.go:48.67,67.28 3 1
github.com/venicegeo/pz-logger/logger/server.go:107.2,107.27 1 1
github.com/venicegeo/pz-logger/logger/server.go:67.28,69.17 2 1
github.com/venicegeo/pz-logger/logger/server.go:73.3,102.17 3 1
github.com/venicegeo/pz-logger/logger/server.go:69.17,71.4 1 0
github.com/venicegeo/pz-logger/logger/server.go:102.17,104.4 1 0
github.com/venicegeo/pz-logger/logger/server.go:110.36,113.2 1 1
github.com/venicegeo/pz-logger/logger/server.go:115.41,118.16 3 0
github.com/venicegeo/pz-logger/logger/server.go:123.2,124.16 2 0
github.com/venicegeo/pz-logger/logger/server.go:129.2,136.16 7 0
github.com/venicegeo/pz-logger/logger/server.go:140.2,140.26 1 0
github.com/venicegeo/pz-logger/logger/server.go:145.2,147.28 2 0
github.com/venicegeo/pz-logger/logger/server.go:118.16,121.3 2 0
github.com/venicegeo/pz-logger/logger/server.go:124.16,127.3 2 0
github.com/venicegeo/pz-logger/logger/server.go:136.16,139.3 2 0
github.com/venicegeo/pz-logger/logger/server.go:140.26,143.3 2 0
github.com/venicegeo/pz-logger/logger/server.go:150.42,155.2 4 0
github.com/venicegeo/pz-logger/logger/server.go:157.40,170.28 6 0
github.com/venicegeo/pz-logger/logger/server.go:177.2,177.16 1 0
github.com/venicegeo/pz-logger/logger/server.go:183.2,187.46 4 0
github.com/venicegeo/pz-logger/logger/server.go:213.2,213.30 1 0
github.com/venicegeo/pz-logger/logger/server.go:170.28,172.3 1 0
github.com/venicegeo/pz-logger/logger/server.go:172.3,175.3 2 0
github.com/venicegeo/pz-logger/logger/server.go:177.16,180.3 2 0
github.com/venicegeo/pz-logger/logger/server.go:187.46,188.17 1 0
github.com/venicegeo/pz-logger/logger/server.go:192.3,197.17 4 0
github.com/venicegeo/pz-logger/logger/server.go:202.3,203.17 2 0
github.com/venicegeo/pz-logger/logger/server.go:209.3,210.6 2 0
github.com/venicegeo/pz-logger/logger/server.go:188.17,190.12 2 0
github.com/venicegeo/pz-logger/logger/server.go:197.17,201.4 3 0
github.com/venicegeo/pz-logger/logger/server.go:203.17,207.12 2 0
github.com/venicegeo/pz-logger/logger/server.go:216.42,229.28 6 0
github.com/venicegeo/pz-logger/logger/server.go:236.2,236.16 1 0
github.com/venicegeo/pz-logger/logger/server.go:242.2,247.46 5 0
github.com/venicegeo/pz-logger/logger/server.go:273.2,275.26 2 0
github.com/venicegeo/pz-logger/logger/server.go:279.2,281.18 2 0
github.com/venicegeo/pz-logger/logger/server.go:287.2,299.28 2 0
github.com/venicegeo/pz-logger/logger/server.go:229.28,231.3 1 0
github.com/venicegeo/pz-logger/logger/server.go:231.3,234.3 2 0
github.com/venicegeo/pz-logger/logger/server.go:236.16,239.3 2 0
github.com/venicegeo/pz-logger/logger/server.go:247.46,248.17 1 0
github.com/venicegeo/pz-logger/logger/server.go:252.3,257.17 4 0
github.com/venicegeo/pz-logger/logger/server.go:262.3,263.17 2 0
github.com/venicegeo/pz-logger/logger/server.go:269.3,270.6 2 0
github.com/venicegeo/pz-logger/logger/server.go:248.17,250.12 2 0
github.com/venicegeo/pz-logger/logger/server.go:257.17,261.4 3 0
github.com/venicegeo/pz-logger/logger/server.go:263.17,267.12 2 0
github.com/venicegeo/pz-logger/logger/server.go:275.26,277.3 1 0
github.com/venicegeo/pz-logger/logger/server.go:281.18,283.3 1 0
github.com/venicegeo/pz-logger/logger/server.go:283.3,285.3 1 0
github.com/venicegeo/pz-logger/logger/server.go:311.63,317.34 3 0
github.com/venicegeo/pz-logger/logger/server.go:324.2,326.32 2 0
github.com/venicegeo/pz-logger/logger/server.go:333.2,335.36 2 0
github.com/venicegeo/pz-logger/logger/server.go:339.2,341.38 2 0
github.com/venicegeo/pz-logger/logger/server.go:345.2,345.21 1 0
github.com/venicegeo/pz-logger/logger/server.go:317.34,319.17 2 0
github.com/venicegeo/pz-logger/logger/server.go:319.17,321.4 1 0
github.com/venicegeo/pz-logger/logger/server.go:326.32,328.17 2 0
github.com/venicegeo/pz-logger/logger/server.go:328.17,330.4 1 0
github.com/venicegeo/pz-logger/logger/server.go:335.36,337.3 1 0
github.com/venicegeo/pz-logger/logger/server.go:341.38,343.3 1 0
github.com/venicegeo/pz-logger/logger/server.go:351.10,356.30 2 0
github.com/venicegeo/pz-logger/logger/server.go:364.2,364.31 1 0
github.com/venicegeo/pz-logger/logger/server.go:373.2,373.55 1 0
github.com/venicegeo/pz-logger/logger/server.go:391.2,407.18 3 0
github.com/venicegeo/pz-logger/logger/server.go:413.2,418.23 3 0
github.com/venicegeo/pz-logger/logger/server.go:356.30,362.3 1 0
github.com/venicegeo/pz-logger/logger/server.go:364.31,371.3 1 0
github.com/venicegeo/pz-logger/logger/server.go:373.55,376.29 2 0
github.com/venicegeo/pz-logger/logger/server.go:380.3,380.30 1 0
github.com/venicegeo/pz-logger/logger/server.go:384.3,388.5 1 0
github.com/venicegeo/pz-logger/logger/server.go:376.29,378.4 1 0
github.com/venicegeo/pz-logger/logger/server.go:380.30,382.4 1 0
github.com/venicegeo/pz-logger/logger/server.go:407.18,409.3 1 0
github.com/venicegeo/pz-logger/logger/server.go:409.3,411.3 1 0
